# JRE version: Java(TM) SE Runtime Environment (8.0_92-b14) (build 1.8.0_92-b14)
# Java VM: Java HotSpot(TM) Client VM (25.92-b14 mixed mode windows-x86 )
Heap:
 def new generation   total 39424K, used 10523K [0x04a00000, 0x074c0000, 0x0f4a0000)
  eden space 35072K,  26% used [0x04a00000, 0x052f4780, 0x06c40000)
  from space 4352K,  31% used [0x06c40000, 0x06d92800, 0x07080000)
  to   space 4352K,   0% used [0x07080000, 0x07080000, 0x074c0000)
 tenured generation   total 87424K, used 38270K [0x0f4a0000, 0x14a00000, 0x24a00000)
   the space 87424K,  43% used [0x0f4a0000, 0x119ff9b8, 0x119ffa00, 0x14a00000)
 Metaspace       used 19307K, capacity 19943K, committed 19968K, reserved 20864K
GC Heap History (10 events):
Event: 461.028 GC heap before
{Heap before GC invocations=48 (full 1):
 def new generation   total 39424K, used 35403K [0x04a00000, 0x074c0000, 0x0f4a0000)
  eden space 35072K, 100% used [0x04a00000, 0x06c40000, 0x06c40000)
  from space 4352K,   7% used [0x07080000, 0x070d2e00, 0x074c0000)
  to   space 4352K,   0% used [0x06c40000, 0x06c40000, 0x07080000)
 tenured generation   total 87424K, used 29777K [0x0f4a0000, 0x14a00000, 0x24a00000)
   the space 87424K,  34% used [0x0f4a0000, 0x111b4520, 0x111b4600, 0x14a00000)
 Metaspace       used 19284K, capacity 19911K, committed 19968K, reserved 20864K
Event: 461.069 GC heap after
Heap after GC invocations=49 (full 1):
 def new generation   total 39424K, used 4352K [0x04a00000, 0x074c0000, 0x0f4a0000)
  eden space 35072K,   0% used [0x04a00000, 0x04a00000, 0x06c40000)
  from space 4352K, 100% used [0x06c40000, 0x07080000, 0x07080000)
  to   space 4352K,   0% used [0x07080000, 0x07080000, 0x074c0000)
 tenured generation   total 87424K, used 33971K [0x0f4a0000, 0x14a00000, 0x24a00000)
   the space 87424K,  38% used [0x0f4a0000, 0x115ccc40, 0x115cce00, 0x14a00000)
 Metaspace       used 19284K, capacity 19911K, committed 19968K, reserved 20864K
}
Event: 461.968 GC heap before
{Heap before GC invocations=49 (full 1):
 def new generation   total 39424K, used 39424K [0x04a00000, 0x074c0000, 0x0f4a0000)
  eden space 35072K, 100% used [0x04a00000, 0x06c40000, 0x06c40000)
  from space 4352K, 100% used [0x06c40000, 0x07080000, 0x07080000)
  to   space 4352K,   0% used [0x07080000, 0x07080000, 0x074c0000)
 tenured generation   total 87424K, used 33971K [0x0f4a0000, 0x14a00000, 0x24a00000)
   the space 87424K,  38% used [0x0f4a0000, 0x115ccc40, 0x115cce00, 0x14a00000)
 Metaspace       used 19284K, capacity 19911K, committed 19968K, reserved 20864K
Event: 461.990 GC heap after
Heap after GC invocations=50 (full 1):
 def new generation   total 39424K, used 597K [0x04a00000, 0x074c0000, 0x0f4a0000)
  eden space 35072K,   0% used [0x04a00000, 0x04a00000, 0x06c40000)
  from space 4352K,  13% used [0x07080000, 0x07115578, 0x074c0000)
  to   space 4352K,   0% used [0x06c40000, 0x06c40000, 0x07080000)
 tenured generation   total 87424K, used 38270K [0x0f4a0000, 0x14a00000, 0x24a00000)
   the space 87424K,  43% used [0x0f4a0000, 0x119ff9b8, 0x119ffa00, 0x14a00000)
 Metaspace       used 19284K, capacity 19911K, committed 19968K, reserved 20864K
}
Event: 473.409 GC heap before
{Heap before GC invocations=50 (full 1):
 def new generation   total 39424K, used 35669K [0x04a00000, 0x074c0000, 0x0f4a0000)
  eden space 35072K, 100% used [0x04a00000, 0x06c40000, 0x06c40000)
  from space 4352K,  13% used [0x07080000, 0x07115578, 0x074c0000)
  to   space 4352K,   0% used [0x06c40000, 0x06c40000, 0x07080000)
 tenured generation   total 87424K, used 38270K [0x0f4a0000, 0x14a00000, 0x24a00000)
   the space 87424K,  43% used [0x0f4a0000, 0x119ff9b8, 0x119ffa00, 0x14a00000)
 Metaspace       used 19284K, capacity 19911K, committed 19968K, reserved 20864K
Event: 473.417 GC heap after
Heap after GC invocations=51 (full 1):
 def new generation   total 39424K, used 541K [0x04a00000, 0x074c0000, 0x0f4a0000)
  eden space 35072K,   0% used [0x04a00000, 0x04a00000, 0x06c40000)
  from space 4352K,  12% used [0x06c40000, 0x06cc74e8, 0x07080000)
  to   space 4352K,   0% used [0x07080000, 0x07080000, 0x074c0000)
 tenured generation   total 87424K, used 38270K [0x0f4a0000, 0x14a00000, 0x24a00000)
   the space 87424K,  43% used [0x0f4a0000, 0x119ff9b8, 0x119ffa00, 0x14a00000)
 Metaspace       used 19284K, capacity 19911K, committed 19968K, reserved 20864K
}
Event: 478.429 GC heap before
{Heap before GC invocations=51 (full 1):
 def new generation   total 39424K, used 35613K [0x04a00000, 0x074c0000, 0x0f4a0000)
  eden space 35072K, 100% used [0x04a00000, 0x06c40000, 0x06c40000)
  from space 4352K,  12% used [0x06c40000, 0x06cc74e8, 0x07080000)
  to   space 4352K,   0% used [0x07080000, 0x07080000, 0x074c0000)
 tenured generation   total 87424K, used 38270K [0x0f4a0000, 0x14a00000, 0x24a00000)
   the space 87424K,  43% used [0x0f4a0000, 0x119ff9b8, 0x119ffa00, 0x14a00000)
 Metaspace       used 19284K, capacity 19911K, committed 19968K, reserved 20864K
Event: 478.436 GC heap after
Heap after GC invocations=52 (full 1):
 def new generation   total 39424K, used 495K [0x04a00000, 0x074c0000, 0x0f4a0000)
  eden space 35072K,   0% used [0x04a00000, 0x04a00000, 0x06c40000)
  from space 4352K,  11% used [0x07080000, 0x070fbd30, 0x074c0000)
  to   space 4352K,   0% used [0x06c40000, 0x06c40000, 0x07080000)
 tenured generation   total 87424K, used 38270K [0x0f4a0000, 0x14a00000, 0x24a00000)
   the space 87424K,  43% used [0x0f4a0000, 0x119ff9b8, 0x119ffa00, 0x14a00000)
 Metaspace       used 19284K, capacity 19911K, committed 19968K, reserved 20864K
}
Event: 883.589 GC heap before
{Heap before GC invocations=52 (full 1):
 def new generation   total 39424K, used 35567K [0x04a00000, 0x074c0000, 0x0f4a0000)
  eden space 35072K, 100% used [0x04a00000, 0x06c40000, 0x06c40000)
  from space 4352K,  11% used [0x07080000, 0x070fbd30, 0x074c0000)
  to   space 4352K,   0% used [0x06c40000, 0x06c40000, 0x07080000)
 tenured generation   total 87424K, used 38270K [0x0f4a0000, 0x14a00000, 0x24a00000)
   the space 87424K,  43% used [0x0f4a0000, 0x119ff9b8, 0x119ffa00, 0x14a00000)
 Metaspace       used 19303K, capacity 19943K, committed 19968K, reserved 20864K
Event: 883.602 GC heap after
Heap after GC invocations=53 (full 1):
 def new generation   total 39424K, used 1354K [0x04a00000, 0x074c0000, 0x0f4a0000)
  eden space 35072K,   0% used [0x04a00000, 0x04a00000, 0x06c40000)
  from space 4352K,  31% used [0x06c40000, 0x06d92800, 0x07080000)
  to   space 4352K,   0% used [0x07080000, 0x07080000, 0x074c0000)
 tenured generation   total 87424K, used 38270K [0x0f4a0000, 0x14a00000, 0x24a00000)
   the space 87424K,  43% used [0x0f4a0000, 0x119ff9b8, 0x119ffa00, 0x14a00000)
 Metaspace       used 19303K, capacity 19943K, committed 19968K, reserved 20864K
}

